{
  "RSpec": {
    "coverage": {
      "/home/muriloroque/Desktop/Microverse/Ruby/Capstone/GloboPlayScraper/spec/main_spec.rb": {
        "lines": [
          1,
          1,
          1,
          1,
          1,
          1,
          1,
          1,
          1,
          1,
          2,
          null,
          1,
          2,
          null,
          null,
          1,
          1,
          2,
          null,
          1,
          1,
          null,
          1,
          1,
          null,
          null,
          1,
          1,
          2,
          null,
          1,
          1,
          null,
          1,
          1,
          null,
          null,
          null,
          null,
          1,
          1,
          1,
          1,
          2,
          null,
          null,
          1,
          1,
          2,
          null,
          1,
          1,
          null,
          null,
          1,
          1,
          2,
          null,
          1,
          1,
          null,
          null,
          null
        ]
      },
      "/home/muriloroque/Desktop/Microverse/Ruby/Capstone/GloboPlayScraper/lib/movie.rb": {
        "lines": [
          1,
          1,
          1,
          null,
          1,
          1,
          3,
          2,
          2,
          null,
          null,
          1,
          2,
          2,
          2,
          2,
          null,
          null,
          1,
          2,
          2,
          2,
          2,
          null,
          0,
          2,
          2,
          null,
          null,
          null,
          1,
          null,
          1,
          2,
          1,
          null,
          null,
          null,
          null,
          null,
          null
        ]
      },
      "/home/muriloroque/Desktop/Microverse/Ruby/Capstone/GloboPlayScraper/lib/webpage.rb": {
        "lines": [
          1,
          1,
          1,
          null,
          null,
          1,
          1,
          1,
          1,
          null,
          null,
          1,
          1,
          1,
          1,
          null,
          null
        ]
      }
    },
    "timestamp": 1587641731
  }
}
